<?xml version="1.0" encoding="UTF-8"?>
<!-- Generated by org.testng.reporters.JUnitReportReporter -->
<testsuite hostname="DESKTOP-NKIOBMD" failures="0" tests="3" name="testcase.TC04" time="197.708" errors="0" timestamp="2022-09-09T15:05:11 IST" skipped="0">
  <testcase classname="testcase.TC04" name="irctcsignup" time="58.049"/>
  <system-out/>
  <testcase classname="testcase.TC04" name="irctcsignup" time="60.721"/>
  <system-out/>
  <testcase classname="testcase.TC04" name="irctcsignup" time="78.938"/>
  <system-out/>
</testsuite> <!-- testcase.TC04 -->
