<?xml version="1.0" encoding="UTF-8"?>
<!-- Generated by org.testng.reporters.JUnitReportReporter -->
<testsuite hostname="DESKTOP-NKIOBMD" failures="0" tests="3" name="testcase.TC01" time="51.558" errors="0" timestamp="2022-09-08T22:49:00 IST" skipped="0">
  <testcase classname="testcase.TC01" name="php" time="14.164"/>
  <system-out/>
  <testcase classname="testcase.TC01" name="php" time="23.720"/>
  <system-out/>
  <testcase classname="testcase.TC01" name="php" time="13.674"/>
  <system-out/>
</testsuite> <!-- testcase.TC01 -->
