<?xml version="1.0" encoding="UTF-8"?>
<!-- Generated by org.testng.reporters.JUnitReportReporter -->
<testsuite hostname="DESKTOP-NKIOBMD" failures="0" tests="3" name="testcase.TC06" time="203.965" errors="0" timestamp="2022-09-10T20:38:15 IST" skipped="0">
  <testcase classname="testcase.TC06" name="saloon" time="78.958"/>
  <system-out/>
  <testcase classname="testcase.TC06" name="saloon" time="59.972"/>
  <system-out/>
  <testcase classname="testcase.TC06" name="saloon" time="65.035"/>
  <system-out/>
</testsuite> <!-- testcase.TC06 -->
