<?xml version="1.0" encoding="UTF-8"?>
<!-- Generated by org.testng.reporters.JUnitReportReporter -->
<testsuite hostname="DESKTOP-NKIOBMD" failures="0" tests="1" name="testcase.TC07" time="62.641" errors="0" timestamp="2022-09-12T13:02:21 IST" skipped="0">
  <testcase classname="testcase.TC07" name="frro" time="62.641"/>
  <system-out/>
</testsuite> <!-- testcase.TC07 -->
