<?xml version="1.0" encoding="UTF-8"?>
<!-- Generated by org.testng.reporters.JUnitReportReporter -->
<testsuite hostname="DESKTOP-NKIOBMD" failures="0" tests="3" name="testcase.TC02" time="43.628" errors="0" timestamp="2022-09-07T17:56:09 IST" skipped="0">
  <testcase classname="testcase.TC02" name="facebook" time="13.886"/>
  <system-out/>
  <testcase classname="testcase.TC02" name="facebook" time="12.588"/>
  <system-out/>
  <testcase classname="testcase.TC02" name="facebook" time="17.154"/>
  <system-out/>
</testsuite> <!-- testcase.TC02 -->
