<?xml version="1.0" encoding="UTF-8"?>
<!-- Generated by org.testng.reporters.JUnitReportReporter -->
<testsuite hostname="DESKTOP-NKIOBMD" failures="0" tests="1" name="testcase.TC05" time="102.230" errors="0" timestamp="2022-09-09T19:01:54 IST" skipped="0">
  <testcase classname="testcase.TC05" name="bookyourcoach" time="102.230"/>
  <system-out/>
</testsuite> <!-- testcase.TC05 -->
