<?xml version="1.0" encoding="UTF-8"?>
<!-- Generated by org.testng.reporters.JUnitReportReporter -->
<testsuite hostname="DESKTOP-NKIOBMD" failures="0" tests="1" name="testcase.TC08" time="263.357" errors="0" timestamp="2022-09-12T23:28:12 IST" skipped="0">
  <testcase classname="testcase.TC08" name="Otp" time="263.357"/>
  <system-out/>
</testsuite> <!-- testcase.TC08 -->
