<?xml version="1.0" encoding="UTF-8"?>
<!-- Generated by org.testng.reporters.JUnitReportReporter -->
<testsuite hostname="DESKTOP-NKIOBMD" failures="0" tests="1" name="pom.gstvalid.TC.TC8" time="303.609" errors="0" timestamp="2022-11-22T16:29:19 IST" skipped="0">
  <testcase classname="pom.gstvalid.TC.TC8" name="gstvalid" time="303.609"/>
  <system-out/>
</testsuite> <!-- pom.gstvalid.TC.TC8 -->
