<?xml version="1.0" encoding="UTF-8"?>
<!-- Generated by org.testng.reporters.JUnitReportReporter -->
<testsuite hostname="DESKTOP-NKIOBMD" failures="0" tests="1" name="pom.saloon.TC.TC5" time="81.696" errors="0" timestamp="2022-11-29T10:26:46 IST" skipped="0">
  <testcase classname="pom.saloon.TC.TC5" name="saloon" time="81.696"/>
  <system-out/>
</testsuite> <!-- pom.saloon.TC.TC5 -->
