<?xml version="1.0" encoding="UTF-8"?>
<!-- Generated by org.testng.reporters.JUnitReportReporter -->
<testsuite hostname="DESKTOP-NKIOBMD" failures="0" tests="1" name="pom.irctcreg.TC.TC1" time="13.967" errors="0" timestamp="2022-11-29T10:41:12 IST" skipped="0">
  <testcase classname="pom.irctcreg.TC.TC1" name="regsistration" time="13.967"/>
  <system-out/>
</testsuite> <!-- pom.irctcreg.TC.TC1 -->
