<?xml version="1.0" encoding="UTF-8"?>
<!-- Generated by org.testng.reporters.JUnitReportReporter -->
<testsuite hostname="DESKTOP-NKIOBMD" failures="0" tests="1" name="pom.otpvalid.TC.TC7" time="430.651" errors="0" timestamp="2022-12-01T15:08:24 IST" skipped="0">
  <testcase classname="pom.otpvalid.TC.TC7" name="otpvalid" time="430.651"/>
  <system-out/>
</testsuite> <!-- pom.otpvalid.TC.TC7 -->
