<?xml version="1.0" encoding="UTF-8"?>
<!-- Generated by org.testng.reporters.JUnitReportReporter -->
<testsuite hostname="DESKTOP-NKIOBMD" failures="0" tests="1" name="pom.php.TC.TC6" time="8.068" errors="0" timestamp="2023-04-20T15:57:09 IST" skipped="0">
  <testcase classname="pom.php.TC.TC6" name="php" time="8.068"/>
  <system-out/>
</testsuite> <!-- pom.php.TC.TC6 -->
