<?xml version="1.0" encoding="UTF-8"?>
<!-- Generated by org.testng.reporters.JUnitReportReporter -->
<testsuite hostname="DESKTOP-NKIOBMD" failures="0" tests="1" name="utils.Samplereport" time="0.671" errors="0" timestamp="2022-10-17T16:35:39 IST" skipped="0">
  <testcase classname="utils.Samplereport" name="generateReport" time="0.671"/>
  <system-out/>
</testsuite> <!-- utils.Samplereport -->
