<?xml version="1.0" encoding="UTF-8"?>
<!-- Generated by org.testng.reporters.JUnitReportReporter -->
<testsuite hostname="DESKTOP-NKIOBMD" failures="0" tests="1" name="pom.formc.TC.TC4" time="35.163" errors="0" timestamp="2022-11-27T12:46:52 IST" skipped="0">
  <testcase classname="pom.formc.TC.TC4" name="formc" time="35.163"/>
  <system-out/>
</testsuite> <!-- pom.formc.TC.TC4 -->
