<?xml version="1.0" encoding="UTF-8"?>
<!-- Generated by org.testng.reporters.JUnitReportReporter -->
<testsuite hostname="DESKTOP-NKIOBMD" failures="0" tests="1" name="pom.facebook.TC.TC2" time="4.055" errors="0" timestamp="2022-11-25T17:59:14 IST" skipped="0">
  <testcase classname="pom.facebook.TC.TC2" name="facebook" time="4.055"/>
  <system-out/>
</testsuite> <!-- pom.facebook.TC.TC2 -->
