<?xml version="1.0" encoding="UTF-8"?>
<!-- Generated by org.testng.reporters.JUnitReportReporter -->
<testsuite hostname="DESKTOP-NKIOBMD" failures="0" tests="1" name="pom.bookcoach.TC.TC3" time="22.659" errors="0" timestamp="2022-11-28T16:08:36 IST" skipped="0">
  <testcase classname="pom.bookcoach.TC.TC3" name="bookcoach" time="22.659"/>
  <system-out/>
</testsuite> <!-- pom.bookcoach.TC.TC3 -->
